<?xml version="1.0" encoding="UTF-8"?>
<testng-results ignored="0" total="1" passed="1" failed="0" skipped="0">
  <reporter-output>
  </reporter-output>
  <suite started-at="2024-07-31T12:21:39 IST" name="Default suite" finished-at="2024-07-31T12:21:39 IST" duration-ms="64">
    <groups>
    </groups>
    <test started-at="2024-07-31T12:21:39 IST" name="Default test" finished-at="2024-07-31T12:21:39 IST" duration-ms="64">
      <class name="commavennewproject.MAVENPROJECT">
        <test-method signature="checkloginpage1()[pri:0, instance:commavennewproject.MAVENPROJECT@2b40ff9c]" started-at="2024-07-31T12:21:39 IST" name="checkloginpage1" finished-at="2024-07-31T12:21:39 IST" duration-ms="14" status="PASS">
          <reporter-output>
          </reporter-output>
        </test-method> <!-- checkloginpage1 -->
      </class> <!-- commavennewproject.MAVENPROJECT -->
    </test> <!-- Default test -->
  </suite> <!-- Default suite -->
</testng-results>
